[debug] [2023-06-28T18:40:15.823Z] ----------------------------------------------------------------------
[debug] [2023-06-28T18:40:15.824Z] Command:       /usr/local/bin/node /usr/local/bin/firebase deploy --only functions
[debug] [2023-06-28T18:40:15.824Z] CLI Version:   12.4.0
[debug] [2023-06-28T18:40:15.824Z] Platform:      darwin
[debug] [2023-06-28T18:40:15.824Z] Node Version:  v16.15.1
[debug] [2023-06-28T18:40:15.828Z] Time:          Wed Jun 28 2023 14:40:15 GMT-0400 (Eastern Daylight Time)
[debug] [2023-06-28T18:40:15.828Z] ----------------------------------------------------------------------
[debug] 
[debug] [2023-06-28T18:40:15.860Z] > command requires scopes: ["email","openid","https://www.googleapis.com/auth/cloudplatformprojects.readonly","https://www.googleapis.com/auth/firebase","https://www.googleapis.com/auth/cloud-platform"]
[debug] [2023-06-28T18:40:15.861Z] > authorizing via signed-in user (sshaurya45@gmail.com)
[debug] [2023-06-28T18:40:15.861Z] [iam] checking project vyne-dcbfd for permissions ["cloudfunctions.functions.create","cloudfunctions.functions.delete","cloudfunctions.functions.get","cloudfunctions.functions.list","cloudfunctions.functions.update","cloudfunctions.operations.get","firebase.projects.get"]
[debug] [2023-06-28T18:40:15.862Z] >>> [apiv2][query] POST https://cloudresourcemanager.googleapis.com/v1/projects/vyne-dcbfd:testIamPermissions [none]
[debug] [2023-06-28T18:40:15.862Z] >>> [apiv2][(partial)header] POST https://cloudresourcemanager.googleapis.com/v1/projects/vyne-dcbfd:testIamPermissions x-goog-quota-user=projects/vyne-dcbfd
[debug] [2023-06-28T18:40:15.862Z] >>> [apiv2][body] POST https://cloudresourcemanager.googleapis.com/v1/projects/vyne-dcbfd:testIamPermissions {"permissions":["cloudfunctions.functions.create","cloudfunctions.functions.delete","cloudfunctions.functions.get","cloudfunctions.functions.list","cloudfunctions.functions.update","cloudfunctions.operations.get","firebase.projects.get"]}
[debug] [2023-06-28T18:40:16.008Z] <<< [apiv2][status] POST https://cloudresourcemanager.googleapis.com/v1/projects/vyne-dcbfd:testIamPermissions 200
[debug] [2023-06-28T18:40:16.008Z] <<< [apiv2][body] POST https://cloudresourcemanager.googleapis.com/v1/projects/vyne-dcbfd:testIamPermissions {"permissions":["cloudfunctions.functions.create","cloudfunctions.functions.delete","cloudfunctions.functions.get","cloudfunctions.functions.list","cloudfunctions.functions.update","cloudfunctions.operations.get","firebase.projects.get"]}
[debug] [2023-06-28T18:40:16.008Z] >>> [apiv2][query] POST https://iam.googleapis.com/v1/projects/vyne-dcbfd/serviceAccounts/vyne-dcbfd@appspot.gserviceaccount.com:testIamPermissions [none]
[debug] [2023-06-28T18:40:16.008Z] >>> [apiv2][body] POST https://iam.googleapis.com/v1/projects/vyne-dcbfd/serviceAccounts/vyne-dcbfd@appspot.gserviceaccount.com:testIamPermissions {"permissions":["iam.serviceAccounts.actAs"]}
[debug] [2023-06-28T18:40:16.103Z] <<< [apiv2][status] POST https://iam.googleapis.com/v1/projects/vyne-dcbfd/serviceAccounts/vyne-dcbfd@appspot.gserviceaccount.com:testIamPermissions 200
[debug] [2023-06-28T18:40:16.104Z] <<< [apiv2][body] POST https://iam.googleapis.com/v1/projects/vyne-dcbfd/serviceAccounts/vyne-dcbfd@appspot.gserviceaccount.com:testIamPermissions {"permissions":["iam.serviceAccounts.actAs"]}
[info] 
[info] === Deploying to 'vyne-dcbfd'...
[info] 
[info] i  deploying functions 
[debug] [2023-06-28T18:40:16.108Z] >>> [apiv2][query] GET https://firebase.googleapis.com/v1beta1/projects/vyne-dcbfd [none]
[debug] [2023-06-28T18:40:16.421Z] <<< [apiv2][status] GET https://firebase.googleapis.com/v1beta1/projects/vyne-dcbfd 200
[debug] [2023-06-28T18:40:16.421Z] <<< [apiv2][body] GET https://firebase.googleapis.com/v1beta1/projects/vyne-dcbfd {"projectId":"vyne-dcbfd","projectNumber":"1001378411209","displayName":"Vyne","name":"projects/vyne-dcbfd","resources":{"hostingSite":"vyne-dcbfd","realtimeDatabaseInstance":"vyne-dcbfd-default-rtdb","storageBucket":"vyne-dcbfd.appspot.com","locationId":"us-central"},"state":"ACTIVE","etag":"1_e9d68273-116c-4946-9032-d44c095c4ca3"}
[info] i  functions: preparing codebase default for deployment 
[info] i  functions: ensuring required API cloudfunctions.googleapis.com is enabled... 
[info] i  functions: ensuring required API cloudbuild.googleapis.com is enabled... 
[info] i  artifactregistry: ensuring required API artifactregistry.googleapis.com is enabled... 
[debug] [2023-06-28T18:40:16.422Z] >>> [apiv2][query] GET https://serviceusage.googleapis.com/v1/projects/vyne-dcbfd/services/cloudfunctions.googleapis.com [none]
[debug] [2023-06-28T18:40:16.422Z] >>> [apiv2][(partial)header] GET https://serviceusage.googleapis.com/v1/projects/vyne-dcbfd/services/cloudfunctions.googleapis.com x-goog-quota-user=projects/vyne-dcbfd
[debug] [2023-06-28T18:40:16.424Z] >>> [apiv2][query] GET https://serviceusage.googleapis.com/v1/projects/vyne-dcbfd/services/runtimeconfig.googleapis.com [none]
[debug] [2023-06-28T18:40:16.424Z] >>> [apiv2][(partial)header] GET https://serviceusage.googleapis.com/v1/projects/vyne-dcbfd/services/runtimeconfig.googleapis.com x-goog-quota-user=projects/vyne-dcbfd
[debug] [2023-06-28T18:40:16.425Z] >>> [apiv2][query] GET https://serviceusage.googleapis.com/v1/projects/vyne-dcbfd/services/cloudbuild.googleapis.com [none]
[debug] [2023-06-28T18:40:16.425Z] >>> [apiv2][(partial)header] GET https://serviceusage.googleapis.com/v1/projects/vyne-dcbfd/services/cloudbuild.googleapis.com x-goog-quota-user=projects/vyne-dcbfd
[debug] [2023-06-28T18:40:16.425Z] >>> [apiv2][query] GET https://serviceusage.googleapis.com/v1/projects/vyne-dcbfd/services/artifactregistry.googleapis.com [none]
[debug] [2023-06-28T18:40:16.426Z] >>> [apiv2][(partial)header] GET https://serviceusage.googleapis.com/v1/projects/vyne-dcbfd/services/artifactregistry.googleapis.com x-goog-quota-user=projects/vyne-dcbfd
[debug] [2023-06-28T18:40:16.718Z] <<< [apiv2][status] GET https://serviceusage.googleapis.com/v1/projects/vyne-dcbfd/services/runtimeconfig.googleapis.com 200
[debug] [2023-06-28T18:40:16.719Z] <<< [apiv2][body] GET https://serviceusage.googleapis.com/v1/projects/vyne-dcbfd/services/runtimeconfig.googleapis.com [omitted]
[debug] [2023-06-28T18:40:16.731Z] <<< [apiv2][status] GET https://serviceusage.googleapis.com/v1/projects/vyne-dcbfd/services/cloudbuild.googleapis.com 200
[debug] [2023-06-28T18:40:16.731Z] <<< [apiv2][body] GET https://serviceusage.googleapis.com/v1/projects/vyne-dcbfd/services/cloudbuild.googleapis.com [omitted]
[info] ✔  functions: required API cloudbuild.googleapis.com is enabled 
[debug] [2023-06-28T18:40:16.732Z] <<< [apiv2][status] GET https://serviceusage.googleapis.com/v1/projects/vyne-dcbfd/services/artifactregistry.googleapis.com 200
[debug] [2023-06-28T18:40:16.732Z] <<< [apiv2][body] GET https://serviceusage.googleapis.com/v1/projects/vyne-dcbfd/services/artifactregistry.googleapis.com [omitted]
[info] ✔  artifactregistry: required API artifactregistry.googleapis.com is enabled 
[debug] [2023-06-28T18:40:16.835Z] <<< [apiv2][status] GET https://serviceusage.googleapis.com/v1/projects/vyne-dcbfd/services/cloudfunctions.googleapis.com 200
[debug] [2023-06-28T18:40:16.835Z] <<< [apiv2][body] GET https://serviceusage.googleapis.com/v1/projects/vyne-dcbfd/services/cloudfunctions.googleapis.com [omitted]
[info] ✔  functions: required API cloudfunctions.googleapis.com is enabled 
[debug] [2023-06-28T18:40:16.835Z] >>> [apiv2][query] GET https://firebase.googleapis.com/v1beta1/projects/vyne-dcbfd/adminSdkConfig [none]
[debug] [2023-06-28T18:40:17.056Z] <<< [apiv2][status] GET https://firebase.googleapis.com/v1beta1/projects/vyne-dcbfd/adminSdkConfig 200
[debug] [2023-06-28T18:40:17.056Z] <<< [apiv2][body] GET https://firebase.googleapis.com/v1beta1/projects/vyne-dcbfd/adminSdkConfig {"projectId":"vyne-dcbfd","databaseURL":"https://vyne-dcbfd-default-rtdb.firebaseio.com","storageBucket":"vyne-dcbfd.appspot.com","locationId":"us-central"}
[debug] [2023-06-28T18:40:17.056Z] >>> [apiv2][query] GET https://runtimeconfig.googleapis.com/v1beta1/projects/vyne-dcbfd/configs [none]
[debug] [2023-06-28T18:40:17.189Z] <<< [apiv2][status] GET https://runtimeconfig.googleapis.com/v1beta1/projects/vyne-dcbfd/configs 200
[debug] [2023-06-28T18:40:17.189Z] <<< [apiv2][body] GET https://runtimeconfig.googleapis.com/v1beta1/projects/vyne-dcbfd/configs {}
[debug] [2023-06-28T18:40:17.190Z] Validating nodejs source
[debug] [2023-06-28T18:40:17.544Z] > [functions] package.json contents: {
  "name": "functions",
  "description": "Cloud Functions for Firebase",
  "scripts": {
    "serve": "firebase emulators:start --only functions",
    "shell": "firebase functions:shell",
    "start": "npm run shell",
    "deploy": "firebase deploy --only functions",
    "logs": "firebase functions:log"
  },
  "engines": {
    "node": "18"
  },
  "main": "index.js",
  "dependencies": {
    "firebase-admin": "^11.8.0",
    "firebase-functions": "^4.3.1"
  },
  "devDependencies": {
    "firebase-functions-test": "^3.1.0"
  },
  "private": true
}
[debug] [2023-06-28T18:40:17.544Z] Building nodejs source
[debug] [2023-06-28T18:40:17.545Z] Could not find functions.yaml. Must use http discovery
[debug] [2023-06-28T18:40:17.550Z] Found firebase-functions binary at '/Users/shauryasaran/Desktop/clothing_app/Clothes-App/functions/node_modules/.bin/firebase-functions'
[debug] [2023-06-28T18:40:17.653Z] Serving at port 8222

[debug] [2023-06-28T18:40:18.036Z] Got response from /__/functions.yaml {"endpoints":{"annotateImage":{"platform":"gcfv1","labels":{},"availableMemoryMb":null,"timeoutSeconds":null,"minInstances":null,"maxInstances":null,"ingressSettings":null,"serviceAccountEmail":null,"vpc":null,"callableTrigger":{},"entryPoint":"annotateImage"}},"specVersion":"v1alpha1","requiredAPIs":[]}
[debug] [2023-06-28T18:40:18.042Z] shutdown requested via /__/quitquitquit

[info] i  functions: preparing functions directory for uploading... 
[info] i  functions: packaged /Users/shauryasaran/Desktop/clothing_app/Clothes-App/functions (126.56 KB) for uploading 
[debug] [2023-06-28T18:40:21.089Z] >>> [apiv2][query] GET https://cloudfunctions.googleapis.com/v1/projects/vyne-dcbfd/locations/-/functions [none]
[debug] [2023-06-28T18:40:21.590Z] <<< [apiv2][status] GET https://cloudfunctions.googleapis.com/v1/projects/vyne-dcbfd/locations/-/functions 200
[debug] [2023-06-28T18:40:21.590Z] <<< [apiv2][body] GET https://cloudfunctions.googleapis.com/v1/projects/vyne-dcbfd/locations/-/functions {"functions":[{"name":"projects/vyne-dcbfd/locations/us-central1/functions/callLabelDetection","httpsTrigger":{"url":"https://us-central1-vyne-dcbfd.cloudfunctions.net/callLabelDetection","securityLevel":"SECURE_ALWAYS"},"status":"ACTIVE","entryPoint":"callLabelDetection","timeout":"60s","availableMemoryMb":256,"serviceAccountEmail":"vyne-dcbfd@appspot.gserviceaccount.com","updateTime":"2023-06-28T01:27:03.780Z","versionId":"3","labels":{"deployment-tool":"cli-firebase","firebase-functions-hash":"a5cfca54c45b23dbcdc00c3c7789d099c8468ffe"},"sourceUploadUrl":"https://storage.googleapis.com/uploads-934489338138.us-central1.cloudfunctions.appspot.com/6d402b16-ce4b-471b-b1d5-8896e1380ecb.zip","environmentVariables":{"FIREBASE_CONFIG":"{\"projectId\":\"vyne-dcbfd\",\"databaseURL\":\"https://vyne-dcbfd-default-rtdb.firebaseio.com\",\"storageBucket\":\"vyne-dcbfd.appspot.com\",\"locationId\":\"us-central\"}","GCLOUD_PROJECT":"vyne-dcbfd","EVENTARC_CLOUD_EVENT_SOURCE":"projects/vyne-dcbfd/locations/us-central1/functions/callLabelDetection"},"runtime":"nodejs18","ingressSettings":"ALLOW_ALL","buildId":"6799eea0-fad5-45a6-8c3a-de070c652f58","buildEnvironmentVariables":{"GOOGLE_NODE_RUN_SCRIPTS":""},"buildName":"projects/1001378411209/locations/us-central1/builds/6799eea0-fad5-45a6-8c3a-de070c652f58","dockerRegistry":"ARTIFACT_REGISTRY"}]}
[debug] [2023-06-28T18:40:21.593Z] >>> [apiv2][query] GET https://cloudfunctions.googleapis.com/v2/projects/vyne-dcbfd/locations/-/functions filter=environment%3D%22GEN_2%22
[debug] [2023-06-28T18:40:22.115Z] <<< [apiv2][status] GET https://cloudfunctions.googleapis.com/v2/projects/vyne-dcbfd/locations/-/functions 200
[debug] [2023-06-28T18:40:22.115Z] <<< [apiv2][body] GET https://cloudfunctions.googleapis.com/v2/projects/vyne-dcbfd/locations/-/functions {}
[debug] [2023-06-28T18:40:22.120Z] >>> [apiv2][query] GET https://firebase.googleapis.com/v1beta1/projects/vyne-dcbfd [none]
[debug] [2023-06-28T18:40:22.380Z] <<< [apiv2][status] GET https://firebase.googleapis.com/v1beta1/projects/vyne-dcbfd 200
[debug] [2023-06-28T18:40:22.381Z] <<< [apiv2][body] GET https://firebase.googleapis.com/v1beta1/projects/vyne-dcbfd {"projectId":"vyne-dcbfd","projectNumber":"1001378411209","displayName":"Vyne","name":"projects/vyne-dcbfd","resources":{"hostingSite":"vyne-dcbfd","realtimeDatabaseInstance":"vyne-dcbfd-default-rtdb","storageBucket":"vyne-dcbfd.appspot.com","locationId":"us-central"},"state":"ACTIVE","etag":"1_e9d68273-116c-4946-9032-d44c095c4ca3"}
[debug] [2023-06-28T18:40:22.383Z] >>> [apiv2][query] POST https://cloudfunctions.googleapis.com/v1/projects/vyne-dcbfd/locations/us-central1/functions:generateUploadUrl [none]
[debug] [2023-06-28T18:40:22.383Z] >>> [apiv2][body] POST https://cloudfunctions.googleapis.com/v1/projects/vyne-dcbfd/locations/us-central1/functions:generateUploadUrl {}
[debug] [2023-06-28T18:40:22.872Z] <<< [apiv2][status] POST https://cloudfunctions.googleapis.com/v1/projects/vyne-dcbfd/locations/us-central1/functions:generateUploadUrl 200
[debug] [2023-06-28T18:40:22.873Z] <<< [apiv2][body] POST https://cloudfunctions.googleapis.com/v1/projects/vyne-dcbfd/locations/us-central1/functions:generateUploadUrl {"uploadUrl":"https://storage.googleapis.com/uploads-934489338138.us-central1.cloudfunctions.appspot.com/e37622d6-46eb-471b-9c23-10869ece8279.zip?GoogleAccessId=service-1001378411209@gcf-admin-robot.iam.gserviceaccount.com&Expires=1687979428&Signature=XUP0PgYKeiDQc5eBXr%2BZYbU8%2Bz8S%2Br%2Bw1z%2BPn7MbnyPZMJizGtpNrK8mK4tkcXB8avzvXSfDk8G4%2FO1iyHy1Kg6lMBpxgFuNcIffIibN1UMSTnLNzZXSWamHu4FMf1%2FPvvkY0XALU0JdRlWeRq5nnlLl6m0ry7%2F3ameZdcJI%2Fxourz%2BwJmtMuJDf%2BvSH7jDZ4cHcg3M9QXsZurGvKinGZElozlc%2Fuxj8Z5LM01KXzOJ0v0EgOoOerop1FYzrOkHSRexLQjY9P6zdG3ojYZG0ptdZzXEXLp61ma%2BQNiQlelMD3QJVVbWRUNnxzgV%2BmcWwWxwFIWQeY3IHxcyvhV6DXw%3D%3D"}
[debug] [2023-06-28T18:40:22.874Z] >>> [apiv2][query] PUT https://storage.googleapis.com/uploads-934489338138.us-central1.cloudfunctions.appspot.com/e37622d6-46eb-471b-9c23-10869ece8279.zip GoogleAccessId=service-1001378411209%40gcf-admin-robot.iam.gserviceaccount.com&Expires=1687979428&Signature=XUP0PgYKeiDQc5eBXr%2BZYbU8%2Bz8S%2Br%2Bw1z%2BPn7MbnyPZMJizGtpNrK8mK4tkcXB8avzvXSfDk8G4%2FO1iyHy1Kg6lMBpxgFuNcIffIibN1UMSTnLNzZXSWamHu4FMf1%2FPvvkY0XALU0JdRlWeRq5nnlLl6m0ry7%2F3ameZdcJI%2Fxourz%2BwJmtMuJDf%2BvSH7jDZ4cHcg3M9QXsZurGvKinGZElozlc%2Fuxj8Z5LM01KXzOJ0v0EgOoOerop1FYzrOkHSRexLQjY9P6zdG3ojYZG0ptdZzXEXLp61ma%2BQNiQlelMD3QJVVbWRUNnxzgV%2BmcWwWxwFIWQeY3IHxcyvhV6DXw%3D%3D
[debug] [2023-06-28T18:40:22.874Z] >>> [apiv2][body] PUT https://storage.googleapis.com/uploads-934489338138.us-central1.cloudfunctions.appspot.com/e37622d6-46eb-471b-9c23-10869ece8279.zip [stream]
[debug] [2023-06-28T18:40:23.202Z] <<< [apiv2][status] PUT https://storage.googleapis.com/uploads-934489338138.us-central1.cloudfunctions.appspot.com/e37622d6-46eb-471b-9c23-10869ece8279.zip 200
[debug] [2023-06-28T18:40:23.202Z] <<< [apiv2][body] PUT https://storage.googleapis.com/uploads-934489338138.us-central1.cloudfunctions.appspot.com/e37622d6-46eb-471b-9c23-10869ece8279.zip [omitted]
[info] ✔  functions: functions folder uploaded successfully 
[info] 
The following functions are found in your project but do not exist in your local source code:
	callLabelDetection(us-central1)

If you are renaming a function or changing its region, it is recommended that you create the new function first before deleting the old one to prevent event loss. For more info, visit https://firebase.google.com/docs/functions/manage-functions#modify

[info] i  functions: creating Node.js 18 (1st Gen) function annotateImage(us-central1)... 
[debug] [2023-06-28T18:40:52.653Z] >>> [apiv2][query] POST https://cloudfunctions.googleapis.com/v1/projects/vyne-dcbfd/locations/us-central1/functions [none]
[debug] [2023-06-28T18:40:52.653Z] >>> [apiv2][body] POST https://cloudfunctions.googleapis.com/v1/projects/vyne-dcbfd/locations/us-central1/functions {"name":"projects/vyne-dcbfd/locations/us-central1/functions/annotateImage","sourceUploadUrl":"https://storage.googleapis.com/uploads-934489338138.us-central1.cloudfunctions.appspot.com/e37622d6-46eb-471b-9c23-10869ece8279.zip?GoogleAccessId=service-1001378411209@gcf-admin-robot.iam.gserviceaccount.com&Expires=1687979428&Signature=XUP0PgYKeiDQc5eBXr%2BZYbU8%2Bz8S%2Br%2Bw1z%2BPn7MbnyPZMJizGtpNrK8mK4tkcXB8avzvXSfDk8G4%2FO1iyHy1Kg6lMBpxgFuNcIffIibN1UMSTnLNzZXSWamHu4FMf1%2FPvvkY0XALU0JdRlWeRq5nnlLl6m0ry7%2F3ameZdcJI%2Fxourz%2BwJmtMuJDf%2BvSH7jDZ4cHcg3M9QXsZurGvKinGZElozlc%2Fuxj8Z5LM01KXzOJ0v0EgOoOerop1FYzrOkHSRexLQjY9P6zdG3ojYZG0ptdZzXEXLp61ma%2BQNiQlelMD3QJVVbWRUNnxzgV%2BmcWwWxwFIWQeY3IHxcyvhV6DXw%3D%3D","entryPoint":"annotateImage","runtime":"nodejs18","dockerRegistry":"ARTIFACT_REGISTRY","labels":{"deployment-tool":"cli-firebase","deployment-callable":"true","firebase-functions-hash":"e1f81ca6f97dfe1f4cebd1e02339fda32a51366c"},"httpsTrigger":{"securityLevel":"SECURE_ALWAYS"},"minInstances":null,"maxInstances":null,"ingressSettings":null,"environmentVariables":{"FIREBASE_CONFIG":"{\"projectId\":\"vyne-dcbfd\",\"databaseURL\":\"https://vyne-dcbfd-default-rtdb.firebaseio.com\",\"storageBucket\":\"vyne-dcbfd.appspot.com\",\"locationId\":\"us-central\"}","GCLOUD_PROJECT":"vyne-dcbfd","EVENTARC_CLOUD_EVENT_SOURCE":"projects/vyne-dcbfd/locations/us-central1/functions/annotateImage"},"serviceAccountEmail":null,"availableMemoryMb":null,"timeout":null,"vpcConnector":null,"vpcConnectorEgressSettings":null,"buildEnvironmentVariables":{"GOOGLE_NODE_RUN_SCRIPTS":""}}
[debug] [2023-06-28T18:40:53.188Z] <<< [apiv2][status] POST https://cloudfunctions.googleapis.com/v1/projects/vyne-dcbfd/locations/us-central1/functions 200
[debug] [2023-06-28T18:40:53.188Z] <<< [apiv2][body] POST https://cloudfunctions.googleapis.com/v1/projects/vyne-dcbfd/locations/us-central1/functions {"name":"operations/dnluZS1kY2JmZC91cy1jZW50cmFsMS9hbm5vdGF0ZUltYWdlL19yZGs2OEJhenlr","metadata":{"@type":"type.googleapis.com/google.cloud.functions.v1.OperationMetadataV1","target":"projects/vyne-dcbfd/locations/us-central1/functions/annotateImage","type":"CREATE_FUNCTION","request":{"@type":"type.googleapis.com/google.cloud.functions.v1.CloudFunction","name":"projects/vyne-dcbfd/locations/us-central1/functions/annotateImage","httpsTrigger":{"securityLevel":"SECURE_ALWAYS"},"entryPoint":"annotateImage","labels":{"deployment-tool":"cli-firebase","deployment-callable":"true","firebase-functions-hash":"e1f81ca6f97dfe1f4cebd1e02339fda32a51366c"},"sourceUploadUrl":"https://storage.googleapis.com/uploads-934489338138.us-central1.cloudfunctions.appspot.com/e37622d6-46eb-471b-9c23-10869ece8279.zip?GoogleAccessId=service-1001378411209@gcf-admin-robot.iam.gserviceaccount.com&Expires=1687979428&Signature=XUP0PgYKeiDQc5eBXr%2BZYbU8%2Bz8S%2Br%2Bw1z%2BPn7MbnyPZMJizGtpNrK8mK4tkcXB8avzvXSfDk8G4%2FO1iyHy1Kg6lMBpxgFuNcIffIibN1UMSTnLNzZXSWamHu4FMf1%2FPvvkY0XALU0JdRlWeRq5nnlLl6m0ry7%2F3ameZdcJI%2Fxourz%2BwJmtMuJDf%2BvSH7jDZ4cHcg3M9QXsZurGvKinGZElozlc%2Fuxj8Z5LM01KXzOJ0v0EgOoOerop1FYzrOkHSRexLQjY9P6zdG3ojYZG0ptdZzXEXLp61ma%2BQNiQlelMD3QJVVbWRUNnxzgV%2BmcWwWxwFIWQeY3IHxcyvhV6DXw%3D%3D","environmentVariables":{"FIREBASE_CONFIG":"{\"projectId\":\"vyne-dcbfd\",\"databaseURL\":\"https://vyne-dcbfd-default-rtdb.firebaseio.com\",\"storageBucket\":\"vyne-dcbfd.appspot.com\",\"locationId\":\"us-central\"}","GCLOUD_PROJECT":"vyne-dcbfd","EVENTARC_CLOUD_EVENT_SOURCE":"projects/vyne-dcbfd/locations/us-central1/functions/annotateImage"},"runtime":"nodejs18","buildEnvironmentVariables":{"GOOGLE_NODE_RUN_SCRIPTS":""},"dockerRegistry":"ARTIFACT_REGISTRY"},"versionId":"1","updateTime":"2023-06-28T18:40:59Z"}}
[debug] [2023-06-28T18:40:53.190Z] >>> [apiv2][query] GET https://cloudfunctions.googleapis.com/v1/operations/dnluZS1kY2JmZC91cy1jZW50cmFsMS9hbm5vdGF0ZUltYWdlL19yZGs2OEJhenlr [none]
[debug] [2023-06-28T18:40:53.417Z] <<< [apiv2][status] GET https://cloudfunctions.googleapis.com/v1/operations/dnluZS1kY2JmZC91cy1jZW50cmFsMS9hbm5vdGF0ZUltYWdlL19yZGs2OEJhenlr 200
[debug] [2023-06-28T18:40:53.418Z] <<< [apiv2][body] GET https://cloudfunctions.googleapis.com/v1/operations/dnluZS1kY2JmZC91cy1jZW50cmFsMS9hbm5vdGF0ZUltYWdlL19yZGs2OEJhenlr {"name":"operations/dnluZS1kY2JmZC91cy1jZW50cmFsMS9hbm5vdGF0ZUltYWdlL19yZGs2OEJhenlr","metadata":{"@type":"type.googleapis.com/google.cloud.functions.v1.OperationMetadataV1","target":"projects/vyne-dcbfd/locations/us-central1/functions/annotateImage","type":"CREATE_FUNCTION","request":{"@type":"type.googleapis.com/google.cloud.functions.v1.CloudFunction","name":"projects/vyne-dcbfd/locations/us-central1/functions/annotateImage","httpsTrigger":{"securityLevel":"SECURE_ALWAYS"},"entryPoint":"annotateImage","labels":{"deployment-tool":"cli-firebase","deployment-callable":"true","firebase-functions-hash":"e1f81ca6f97dfe1f4cebd1e02339fda32a51366c"},"sourceUploadUrl":"https://storage.googleapis.com/uploads-934489338138.us-central1.cloudfunctions.appspot.com/e37622d6-46eb-471b-9c23-10869ece8279.zip?GoogleAccessId=service-1001378411209@gcf-admin-robot.iam.gserviceaccount.com&Expires=1687979428&Signature=XUP0PgYKeiDQc5eBXr%2BZYbU8%2Bz8S%2Br%2Bw1z%2BPn7MbnyPZMJizGtpNrK8mK4tkcXB8avzvXSfDk8G4%2FO1iyHy1Kg6lMBpxgFuNcIffIibN1UMSTnLNzZXSWamHu4FMf1%2FPvvkY0XALU0JdRlWeRq5nnlLl6m0ry7%2F3ameZdcJI%2Fxourz%2BwJmtMuJDf%2BvSH7jDZ4cHcg3M9QXsZurGvKinGZElozlc%2Fuxj8Z5LM01KXzOJ0v0EgOoOerop1FYzrOkHSRexLQjY9P6zdG3ojYZG0ptdZzXEXLp61ma%2BQNiQlelMD3QJVVbWRUNnxzgV%2BmcWwWxwFIWQeY3IHxcyvhV6DXw%3D%3D","environmentVariables":{"FIREBASE_CONFIG":"{\"projectId\":\"vyne-dcbfd\",\"databaseURL\":\"https://vyne-dcbfd-default-rtdb.firebaseio.com\",\"storageBucket\":\"vyne-dcbfd.appspot.com\",\"locationId\":\"us-central\"}","GCLOUD_PROJECT":"vyne-dcbfd","EVENTARC_CLOUD_EVENT_SOURCE":"projects/vyne-dcbfd/locations/us-central1/functions/annotateImage"},"runtime":"nodejs18","buildEnvironmentVariables":{"GOOGLE_NODE_RUN_SCRIPTS":""},"dockerRegistry":"ARTIFACT_REGISTRY"},"versionId":"1","updateTime":"2023-06-28T18:40:59Z"}}
[debug] [2023-06-28T18:40:53.921Z] [create-default-us-central1-annotateImage] Retrying task index 0
[debug] [2023-06-28T18:40:53.922Z] >>> [apiv2][query] GET https://cloudfunctions.googleapis.com/v1/operations/dnluZS1kY2JmZC91cy1jZW50cmFsMS9hbm5vdGF0ZUltYWdlL19yZGs2OEJhenlr [none]
[debug] [2023-06-28T18:40:54.118Z] <<< [apiv2][status] GET https://cloudfunctions.googleapis.com/v1/operations/dnluZS1kY2JmZC91cy1jZW50cmFsMS9hbm5vdGF0ZUltYWdlL19yZGs2OEJhenlr 200
[debug] [2023-06-28T18:40:54.118Z] <<< [apiv2][body] GET https://cloudfunctions.googleapis.com/v1/operations/dnluZS1kY2JmZC91cy1jZW50cmFsMS9hbm5vdGF0ZUltYWdlL19yZGs2OEJhenlr {"name":"operations/dnluZS1kY2JmZC91cy1jZW50cmFsMS9hbm5vdGF0ZUltYWdlL19yZGs2OEJhenlr","metadata":{"@type":"type.googleapis.com/google.cloud.functions.v1.OperationMetadataV1","target":"projects/vyne-dcbfd/locations/us-central1/functions/annotateImage","type":"CREATE_FUNCTION","request":{"@type":"type.googleapis.com/google.cloud.functions.v1.CloudFunction","name":"projects/vyne-dcbfd/locations/us-central1/functions/annotateImage","httpsTrigger":{"securityLevel":"SECURE_ALWAYS"},"entryPoint":"annotateImage","labels":{"deployment-tool":"cli-firebase","deployment-callable":"true","firebase-functions-hash":"e1f81ca6f97dfe1f4cebd1e02339fda32a51366c"},"sourceUploadUrl":"https://storage.googleapis.com/uploads-934489338138.us-central1.cloudfunctions.appspot.com/e37622d6-46eb-471b-9c23-10869ece8279.zip?GoogleAccessId=service-1001378411209@gcf-admin-robot.iam.gserviceaccount.com&Expires=1687979428&Signature=XUP0PgYKeiDQc5eBXr%2BZYbU8%2Bz8S%2Br%2Bw1z%2BPn7MbnyPZMJizGtpNrK8mK4tkcXB8avzvXSfDk8G4%2FO1iyHy1Kg6lMBpxgFuNcIffIibN1UMSTnLNzZXSWamHu4FMf1%2FPvvkY0XALU0JdRlWeRq5nnlLl6m0ry7%2F3ameZdcJI%2Fxourz%2BwJmtMuJDf%2BvSH7jDZ4cHcg3M9QXsZurGvKinGZElozlc%2Fuxj8Z5LM01KXzOJ0v0EgOoOerop1FYzrOkHSRexLQjY9P6zdG3ojYZG0ptdZzXEXLp61ma%2BQNiQlelMD3QJVVbWRUNnxzgV%2BmcWwWxwFIWQeY3IHxcyvhV6DXw%3D%3D","environmentVariables":{"FIREBASE_CONFIG":"{\"projectId\":\"vyne-dcbfd\",\"databaseURL\":\"https://vyne-dcbfd-default-rtdb.firebaseio.com\",\"storageBucket\":\"vyne-dcbfd.appspot.com\",\"locationId\":\"us-central\"}","GCLOUD_PROJECT":"vyne-dcbfd","EVENTARC_CLOUD_EVENT_SOURCE":"projects/vyne-dcbfd/locations/us-central1/functions/annotateImage"},"runtime":"nodejs18","buildEnvironmentVariables":{"GOOGLE_NODE_RUN_SCRIPTS":""},"dockerRegistry":"ARTIFACT_REGISTRY"},"versionId":"1","updateTime":"2023-06-28T18:40:59Z","buildId":"3ada6362-3b30-4fd5-8ebf-aa4556e6b3de","buildName":"projects/1001378411209/locations/us-central1/builds/3ada6362-3b30-4fd5-8ebf-aa4556e6b3de"}}
[debug] [2023-06-28T18:40:55.119Z] [create-default-us-central1-annotateImage] Retrying task index 0
[debug] [2023-06-28T18:40:55.120Z] >>> [apiv2][query] GET https://cloudfunctions.googleapis.com/v1/operations/dnluZS1kY2JmZC91cy1jZW50cmFsMS9hbm5vdGF0ZUltYWdlL19yZGs2OEJhenlr [none]
[debug] [2023-06-28T18:40:55.299Z] <<< [apiv2][status] GET https://cloudfunctions.googleapis.com/v1/operations/dnluZS1kY2JmZC91cy1jZW50cmFsMS9hbm5vdGF0ZUltYWdlL19yZGs2OEJhenlr 200
[debug] [2023-06-28T18:40:55.300Z] <<< [apiv2][body] GET https://cloudfunctions.googleapis.com/v1/operations/dnluZS1kY2JmZC91cy1jZW50cmFsMS9hbm5vdGF0ZUltYWdlL19yZGs2OEJhenlr {"name":"operations/dnluZS1kY2JmZC91cy1jZW50cmFsMS9hbm5vdGF0ZUltYWdlL19yZGs2OEJhenlr","metadata":{"@type":"type.googleapis.com/google.cloud.functions.v1.OperationMetadataV1","target":"projects/vyne-dcbfd/locations/us-central1/functions/annotateImage","type":"CREATE_FUNCTION","request":{"@type":"type.googleapis.com/google.cloud.functions.v1.CloudFunction","name":"projects/vyne-dcbfd/locations/us-central1/functions/annotateImage","httpsTrigger":{"securityLevel":"SECURE_ALWAYS"},"entryPoint":"annotateImage","labels":{"deployment-tool":"cli-firebase","deployment-callable":"true","firebase-functions-hash":"e1f81ca6f97dfe1f4cebd1e02339fda32a51366c"},"sourceUploadUrl":"https://storage.googleapis.com/uploads-934489338138.us-central1.cloudfunctions.appspot.com/e37622d6-46eb-471b-9c23-10869ece8279.zip?GoogleAccessId=service-1001378411209@gcf-admin-robot.iam.gserviceaccount.com&Expires=1687979428&Signature=XUP0PgYKeiDQc5eBXr%2BZYbU8%2Bz8S%2Br%2Bw1z%2BPn7MbnyPZMJizGtpNrK8mK4tkcXB8avzvXSfDk8G4%2FO1iyHy1Kg6lMBpxgFuNcIffIibN1UMSTnLNzZXSWamHu4FMf1%2FPvvkY0XALU0JdRlWeRq5nnlLl6m0ry7%2F3ameZdcJI%2Fxourz%2BwJmtMuJDf%2BvSH7jDZ4cHcg3M9QXsZurGvKinGZElozlc%2Fuxj8Z5LM01KXzOJ0v0EgOoOerop1FYzrOkHSRexLQjY9P6zdG3ojYZG0ptdZzXEXLp61ma%2BQNiQlelMD3QJVVbWRUNnxzgV%2BmcWwWxwFIWQeY3IHxcyvhV6DXw%3D%3D","environmentVariables":{"FIREBASE_CONFIG":"{\"projectId\":\"vyne-dcbfd\",\"databaseURL\":\"https://vyne-dcbfd-default-rtdb.firebaseio.com\",\"storageBucket\":\"vyne-dcbfd.appspot.com\",\"locationId\":\"us-central\"}","GCLOUD_PROJECT":"vyne-dcbfd","EVENTARC_CLOUD_EVENT_SOURCE":"projects/vyne-dcbfd/locations/us-central1/functions/annotateImage"},"runtime":"nodejs18","buildEnvironmentVariables":{"GOOGLE_NODE_RUN_SCRIPTS":""},"dockerRegistry":"ARTIFACT_REGISTRY"},"versionId":"1","updateTime":"2023-06-28T18:40:59Z","buildId":"3ada6362-3b30-4fd5-8ebf-aa4556e6b3de","buildName":"projects/1001378411209/locations/us-central1/builds/3ada6362-3b30-4fd5-8ebf-aa4556e6b3de"}}
[debug] [2023-06-28T18:40:57.302Z] [create-default-us-central1-annotateImage] Retrying task index 0
[debug] [2023-06-28T18:40:57.303Z] >>> [apiv2][query] GET https://cloudfunctions.googleapis.com/v1/operations/dnluZS1kY2JmZC91cy1jZW50cmFsMS9hbm5vdGF0ZUltYWdlL19yZGs2OEJhenlr [none]
[debug] [2023-06-28T18:40:57.464Z] <<< [apiv2][status] GET https://cloudfunctions.googleapis.com/v1/operations/dnluZS1kY2JmZC91cy1jZW50cmFsMS9hbm5vdGF0ZUltYWdlL19yZGs2OEJhenlr 200
[debug] [2023-06-28T18:40:57.464Z] <<< [apiv2][body] GET https://cloudfunctions.googleapis.com/v1/operations/dnluZS1kY2JmZC91cy1jZW50cmFsMS9hbm5vdGF0ZUltYWdlL19yZGs2OEJhenlr {"name":"operations/dnluZS1kY2JmZC91cy1jZW50cmFsMS9hbm5vdGF0ZUltYWdlL19yZGs2OEJhenlr","metadata":{"@type":"type.googleapis.com/google.cloud.functions.v1.OperationMetadataV1","target":"projects/vyne-dcbfd/locations/us-central1/functions/annotateImage","type":"CREATE_FUNCTION","request":{"@type":"type.googleapis.com/google.cloud.functions.v1.CloudFunction","name":"projects/vyne-dcbfd/locations/us-central1/functions/annotateImage","httpsTrigger":{"securityLevel":"SECURE_ALWAYS"},"entryPoint":"annotateImage","labels":{"deployment-tool":"cli-firebase","deployment-callable":"true","firebase-functions-hash":"e1f81ca6f97dfe1f4cebd1e02339fda32a51366c"},"sourceUploadUrl":"https://storage.googleapis.com/uploads-934489338138.us-central1.cloudfunctions.appspot.com/e37622d6-46eb-471b-9c23-10869ece8279.zip?GoogleAccessId=service-1001378411209@gcf-admin-robot.iam.gserviceaccount.com&Expires=1687979428&Signature=XUP0PgYKeiDQc5eBXr%2BZYbU8%2Bz8S%2Br%2Bw1z%2BPn7MbnyPZMJizGtpNrK8mK4tkcXB8avzvXSfDk8G4%2FO1iyHy1Kg6lMBpxgFuNcIffIibN1UMSTnLNzZXSWamHu4FMf1%2FPvvkY0XALU0JdRlWeRq5nnlLl6m0ry7%2F3ameZdcJI%2Fxourz%2BwJmtMuJDf%2BvSH7jDZ4cHcg3M9QXsZurGvKinGZElozlc%2Fuxj8Z5LM01KXzOJ0v0EgOoOerop1FYzrOkHSRexLQjY9P6zdG3ojYZG0ptdZzXEXLp61ma%2BQNiQlelMD3QJVVbWRUNnxzgV%2BmcWwWxwFIWQeY3IHxcyvhV6DXw%3D%3D","environmentVariables":{"FIREBASE_CONFIG":"{\"projectId\":\"vyne-dcbfd\",\"databaseURL\":\"https://vyne-dcbfd-default-rtdb.firebaseio.com\",\"storageBucket\":\"vyne-dcbfd.appspot.com\",\"locationId\":\"us-central\"}","GCLOUD_PROJECT":"vyne-dcbfd","EVENTARC_CLOUD_EVENT_SOURCE":"projects/vyne-dcbfd/locations/us-central1/functions/annotateImage"},"runtime":"nodejs18","buildEnvironmentVariables":{"GOOGLE_NODE_RUN_SCRIPTS":""},"dockerRegistry":"ARTIFACT_REGISTRY"},"versionId":"1","updateTime":"2023-06-28T18:40:59Z","buildId":"3ada6362-3b30-4fd5-8ebf-aa4556e6b3de","buildName":"projects/1001378411209/locations/us-central1/builds/3ada6362-3b30-4fd5-8ebf-aa4556e6b3de"}}
[debug] [2023-06-28T18:41:01.466Z] [create-default-us-central1-annotateImage] Retrying task index 0
[debug] [2023-06-28T18:41:01.467Z] >>> [apiv2][query] GET https://cloudfunctions.googleapis.com/v1/operations/dnluZS1kY2JmZC91cy1jZW50cmFsMS9hbm5vdGF0ZUltYWdlL19yZGs2OEJhenlr [none]
[debug] [2023-06-28T18:41:01.626Z] <<< [apiv2][status] GET https://cloudfunctions.googleapis.com/v1/operations/dnluZS1kY2JmZC91cy1jZW50cmFsMS9hbm5vdGF0ZUltYWdlL19yZGs2OEJhenlr 200
[debug] [2023-06-28T18:41:01.627Z] <<< [apiv2][body] GET https://cloudfunctions.googleapis.com/v1/operations/dnluZS1kY2JmZC91cy1jZW50cmFsMS9hbm5vdGF0ZUltYWdlL19yZGs2OEJhenlr {"name":"operations/dnluZS1kY2JmZC91cy1jZW50cmFsMS9hbm5vdGF0ZUltYWdlL19yZGs2OEJhenlr","metadata":{"@type":"type.googleapis.com/google.cloud.functions.v1.OperationMetadataV1","target":"projects/vyne-dcbfd/locations/us-central1/functions/annotateImage","type":"CREATE_FUNCTION","request":{"@type":"type.googleapis.com/google.cloud.functions.v1.CloudFunction","name":"projects/vyne-dcbfd/locations/us-central1/functions/annotateImage","httpsTrigger":{"securityLevel":"SECURE_ALWAYS"},"entryPoint":"annotateImage","labels":{"deployment-tool":"cli-firebase","deployment-callable":"true","firebase-functions-hash":"e1f81ca6f97dfe1f4cebd1e02339fda32a51366c"},"sourceUploadUrl":"https://storage.googleapis.com/uploads-934489338138.us-central1.cloudfunctions.appspot.com/e37622d6-46eb-471b-9c23-10869ece8279.zip?GoogleAccessId=service-1001378411209@gcf-admin-robot.iam.gserviceaccount.com&Expires=1687979428&Signature=XUP0PgYKeiDQc5eBXr%2BZYbU8%2Bz8S%2Br%2Bw1z%2BPn7MbnyPZMJizGtpNrK8mK4tkcXB8avzvXSfDk8G4%2FO1iyHy1Kg6lMBpxgFuNcIffIibN1UMSTnLNzZXSWamHu4FMf1%2FPvvkY0XALU0JdRlWeRq5nnlLl6m0ry7%2F3ameZdcJI%2Fxourz%2BwJmtMuJDf%2BvSH7jDZ4cHcg3M9QXsZurGvKinGZElozlc%2Fuxj8Z5LM01KXzOJ0v0EgOoOerop1FYzrOkHSRexLQjY9P6zdG3ojYZG0ptdZzXEXLp61ma%2BQNiQlelMD3QJVVbWRUNnxzgV%2BmcWwWxwFIWQeY3IHxcyvhV6DXw%3D%3D","environmentVariables":{"FIREBASE_CONFIG":"{\"projectId\":\"vyne-dcbfd\",\"databaseURL\":\"https://vyne-dcbfd-default-rtdb.firebaseio.com\",\"storageBucket\":\"vyne-dcbfd.appspot.com\",\"locationId\":\"us-central\"}","GCLOUD_PROJECT":"vyne-dcbfd","EVENTARC_CLOUD_EVENT_SOURCE":"projects/vyne-dcbfd/locations/us-central1/functions/annotateImage"},"runtime":"nodejs18","buildEnvironmentVariables":{"GOOGLE_NODE_RUN_SCRIPTS":""},"dockerRegistry":"ARTIFACT_REGISTRY"},"versionId":"1","updateTime":"2023-06-28T18:40:59Z","buildId":"3ada6362-3b30-4fd5-8ebf-aa4556e6b3de","buildName":"projects/1001378411209/locations/us-central1/builds/3ada6362-3b30-4fd5-8ebf-aa4556e6b3de"}}
[debug] [2023-06-28T18:41:09.629Z] [create-default-us-central1-annotateImage] Retrying task index 0
[debug] [2023-06-28T18:41:09.630Z] >>> [apiv2][query] GET https://cloudfunctions.googleapis.com/v1/operations/dnluZS1kY2JmZC91cy1jZW50cmFsMS9hbm5vdGF0ZUltYWdlL19yZGs2OEJhenlr [none]
[debug] [2023-06-28T18:41:09.856Z] <<< [apiv2][status] GET https://cloudfunctions.googleapis.com/v1/operations/dnluZS1kY2JmZC91cy1jZW50cmFsMS9hbm5vdGF0ZUltYWdlL19yZGs2OEJhenlr 200
[debug] [2023-06-28T18:41:09.856Z] <<< [apiv2][body] GET https://cloudfunctions.googleapis.com/v1/operations/dnluZS1kY2JmZC91cy1jZW50cmFsMS9hbm5vdGF0ZUltYWdlL19yZGs2OEJhenlr {"name":"operations/dnluZS1kY2JmZC91cy1jZW50cmFsMS9hbm5vdGF0ZUltYWdlL19yZGs2OEJhenlr","metadata":{"@type":"type.googleapis.com/google.cloud.functions.v1.OperationMetadataV1","target":"projects/vyne-dcbfd/locations/us-central1/functions/annotateImage","type":"CREATE_FUNCTION","request":{"@type":"type.googleapis.com/google.cloud.functions.v1.CloudFunction","name":"projects/vyne-dcbfd/locations/us-central1/functions/annotateImage","httpsTrigger":{"securityLevel":"SECURE_ALWAYS"},"entryPoint":"annotateImage","labels":{"deployment-tool":"cli-firebase","deployment-callable":"true","firebase-functions-hash":"e1f81ca6f97dfe1f4cebd1e02339fda32a51366c"},"sourceUploadUrl":"https://storage.googleapis.com/uploads-934489338138.us-central1.cloudfunctions.appspot.com/e37622d6-46eb-471b-9c23-10869ece8279.zip?GoogleAccessId=service-1001378411209@gcf-admin-robot.iam.gserviceaccount.com&Expires=1687979428&Signature=XUP0PgYKeiDQc5eBXr%2BZYbU8%2Bz8S%2Br%2Bw1z%2BPn7MbnyPZMJizGtpNrK8mK4tkcXB8avzvXSfDk8G4%2FO1iyHy1Kg6lMBpxgFuNcIffIibN1UMSTnLNzZXSWamHu4FMf1%2FPvvkY0XALU0JdRlWeRq5nnlLl6m0ry7%2F3ameZdcJI%2Fxourz%2BwJmtMuJDf%2BvSH7jDZ4cHcg3M9QXsZurGvKinGZElozlc%2Fuxj8Z5LM01KXzOJ0v0EgOoOerop1FYzrOkHSRexLQjY9P6zdG3ojYZG0ptdZzXEXLp61ma%2BQNiQlelMD3QJVVbWRUNnxzgV%2BmcWwWxwFIWQeY3IHxcyvhV6DXw%3D%3D","environmentVariables":{"FIREBASE_CONFIG":"{\"projectId\":\"vyne-dcbfd\",\"databaseURL\":\"https://vyne-dcbfd-default-rtdb.firebaseio.com\",\"storageBucket\":\"vyne-dcbfd.appspot.com\",\"locationId\":\"us-central\"}","GCLOUD_PROJECT":"vyne-dcbfd","EVENTARC_CLOUD_EVENT_SOURCE":"projects/vyne-dcbfd/locations/us-central1/functions/annotateImage"},"runtime":"nodejs18","buildEnvironmentVariables":{"GOOGLE_NODE_RUN_SCRIPTS":""},"dockerRegistry":"ARTIFACT_REGISTRY"},"versionId":"1","updateTime":"2023-06-28T18:40:59Z","buildId":"3ada6362-3b30-4fd5-8ebf-aa4556e6b3de","buildName":"projects/1001378411209/locations/us-central1/builds/3ada6362-3b30-4fd5-8ebf-aa4556e6b3de"}}
[debug] [2023-06-28T18:41:19.857Z] [create-default-us-central1-annotateImage] Retrying task index 0
[debug] [2023-06-28T18:41:19.858Z] >>> [apiv2][query] GET https://cloudfunctions.googleapis.com/v1/operations/dnluZS1kY2JmZC91cy1jZW50cmFsMS9hbm5vdGF0ZUltYWdlL19yZGs2OEJhenlr [none]
[debug] [2023-06-28T18:41:20.014Z] <<< [apiv2][status] GET https://cloudfunctions.googleapis.com/v1/operations/dnluZS1kY2JmZC91cy1jZW50cmFsMS9hbm5vdGF0ZUltYWdlL19yZGs2OEJhenlr 200
[debug] [2023-06-28T18:41:20.014Z] <<< [apiv2][body] GET https://cloudfunctions.googleapis.com/v1/operations/dnluZS1kY2JmZC91cy1jZW50cmFsMS9hbm5vdGF0ZUltYWdlL19yZGs2OEJhenlr {"name":"operations/dnluZS1kY2JmZC91cy1jZW50cmFsMS9hbm5vdGF0ZUltYWdlL19yZGs2OEJhenlr","metadata":{"@type":"type.googleapis.com/google.cloud.functions.v1.OperationMetadataV1","target":"projects/vyne-dcbfd/locations/us-central1/functions/annotateImage","type":"CREATE_FUNCTION","request":{"@type":"type.googleapis.com/google.cloud.functions.v1.CloudFunction","name":"projects/vyne-dcbfd/locations/us-central1/functions/annotateImage","httpsTrigger":{"securityLevel":"SECURE_ALWAYS"},"entryPoint":"annotateImage","labels":{"deployment-tool":"cli-firebase","deployment-callable":"true","firebase-functions-hash":"e1f81ca6f97dfe1f4cebd1e02339fda32a51366c"},"sourceUploadUrl":"https://storage.googleapis.com/uploads-934489338138.us-central1.cloudfunctions.appspot.com/e37622d6-46eb-471b-9c23-10869ece8279.zip?GoogleAccessId=service-1001378411209@gcf-admin-robot.iam.gserviceaccount.com&Expires=1687979428&Signature=XUP0PgYKeiDQc5eBXr%2BZYbU8%2Bz8S%2Br%2Bw1z%2BPn7MbnyPZMJizGtpNrK8mK4tkcXB8avzvXSfDk8G4%2FO1iyHy1Kg6lMBpxgFuNcIffIibN1UMSTnLNzZXSWamHu4FMf1%2FPvvkY0XALU0JdRlWeRq5nnlLl6m0ry7%2F3ameZdcJI%2Fxourz%2BwJmtMuJDf%2BvSH7jDZ4cHcg3M9QXsZurGvKinGZElozlc%2Fuxj8Z5LM01KXzOJ0v0EgOoOerop1FYzrOkHSRexLQjY9P6zdG3ojYZG0ptdZzXEXLp61ma%2BQNiQlelMD3QJVVbWRUNnxzgV%2BmcWwWxwFIWQeY3IHxcyvhV6DXw%3D%3D","environmentVariables":{"FIREBASE_CONFIG":"{\"projectId\":\"vyne-dcbfd\",\"databaseURL\":\"https://vyne-dcbfd-default-rtdb.firebaseio.com\",\"storageBucket\":\"vyne-dcbfd.appspot.com\",\"locationId\":\"us-central\"}","GCLOUD_PROJECT":"vyne-dcbfd","EVENTARC_CLOUD_EVENT_SOURCE":"projects/vyne-dcbfd/locations/us-central1/functions/annotateImage"},"runtime":"nodejs18","buildEnvironmentVariables":{"GOOGLE_NODE_RUN_SCRIPTS":""},"dockerRegistry":"ARTIFACT_REGISTRY"},"versionId":"1","updateTime":"2023-06-28T18:40:59Z","buildId":"3ada6362-3b30-4fd5-8ebf-aa4556e6b3de","buildName":"projects/1001378411209/locations/us-central1/builds/3ada6362-3b30-4fd5-8ebf-aa4556e6b3de"}}
[debug] [2023-06-28T18:41:30.017Z] [create-default-us-central1-annotateImage] Retrying task index 0
[debug] [2023-06-28T18:41:30.019Z] >>> [apiv2][query] GET https://cloudfunctions.googleapis.com/v1/operations/dnluZS1kY2JmZC91cy1jZW50cmFsMS9hbm5vdGF0ZUltYWdlL19yZGs2OEJhenlr [none]
[debug] [2023-06-28T18:41:30.239Z] <<< [apiv2][status] GET https://cloudfunctions.googleapis.com/v1/operations/dnluZS1kY2JmZC91cy1jZW50cmFsMS9hbm5vdGF0ZUltYWdlL19yZGs2OEJhenlr 200
[debug] [2023-06-28T18:41:30.239Z] <<< [apiv2][body] GET https://cloudfunctions.googleapis.com/v1/operations/dnluZS1kY2JmZC91cy1jZW50cmFsMS9hbm5vdGF0ZUltYWdlL19yZGs2OEJhenlr {"name":"operations/dnluZS1kY2JmZC91cy1jZW50cmFsMS9hbm5vdGF0ZUltYWdlL19yZGs2OEJhenlr","metadata":{"@type":"type.googleapis.com/google.cloud.functions.v1.OperationMetadataV1","target":"projects/vyne-dcbfd/locations/us-central1/functions/annotateImage","type":"CREATE_FUNCTION","request":{"@type":"type.googleapis.com/google.cloud.functions.v1.CloudFunction","name":"projects/vyne-dcbfd/locations/us-central1/functions/annotateImage","httpsTrigger":{"securityLevel":"SECURE_ALWAYS"},"entryPoint":"annotateImage","labels":{"deployment-tool":"cli-firebase","deployment-callable":"true","firebase-functions-hash":"e1f81ca6f97dfe1f4cebd1e02339fda32a51366c"},"sourceUploadUrl":"https://storage.googleapis.com/uploads-934489338138.us-central1.cloudfunctions.appspot.com/e37622d6-46eb-471b-9c23-10869ece8279.zip?GoogleAccessId=service-1001378411209@gcf-admin-robot.iam.gserviceaccount.com&Expires=1687979428&Signature=XUP0PgYKeiDQc5eBXr%2BZYbU8%2Bz8S%2Br%2Bw1z%2BPn7MbnyPZMJizGtpNrK8mK4tkcXB8avzvXSfDk8G4%2FO1iyHy1Kg6lMBpxgFuNcIffIibN1UMSTnLNzZXSWamHu4FMf1%2FPvvkY0XALU0JdRlWeRq5nnlLl6m0ry7%2F3ameZdcJI%2Fxourz%2BwJmtMuJDf%2BvSH7jDZ4cHcg3M9QXsZurGvKinGZElozlc%2Fuxj8Z5LM01KXzOJ0v0EgOoOerop1FYzrOkHSRexLQjY9P6zdG3ojYZG0ptdZzXEXLp61ma%2BQNiQlelMD3QJVVbWRUNnxzgV%2BmcWwWxwFIWQeY3IHxcyvhV6DXw%3D%3D","environmentVariables":{"FIREBASE_CONFIG":"{\"projectId\":\"vyne-dcbfd\",\"databaseURL\":\"https://vyne-dcbfd-default-rtdb.firebaseio.com\",\"storageBucket\":\"vyne-dcbfd.appspot.com\",\"locationId\":\"us-central\"}","GCLOUD_PROJECT":"vyne-dcbfd","EVENTARC_CLOUD_EVENT_SOURCE":"projects/vyne-dcbfd/locations/us-central1/functions/annotateImage"},"runtime":"nodejs18","buildEnvironmentVariables":{"GOOGLE_NODE_RUN_SCRIPTS":""},"dockerRegistry":"ARTIFACT_REGISTRY"},"versionId":"1","updateTime":"2023-06-28T18:40:59Z","buildId":"3ada6362-3b30-4fd5-8ebf-aa4556e6b3de","buildName":"projects/1001378411209/locations/us-central1/builds/3ada6362-3b30-4fd5-8ebf-aa4556e6b3de"}}
[debug] [2023-06-28T18:41:40.241Z] [create-default-us-central1-annotateImage] Retrying task index 0
[debug] [2023-06-28T18:41:40.242Z] >>> [apiv2][query] GET https://cloudfunctions.googleapis.com/v1/operations/dnluZS1kY2JmZC91cy1jZW50cmFsMS9hbm5vdGF0ZUltYWdlL19yZGs2OEJhenlr [none]
[debug] [2023-06-28T18:41:40.416Z] <<< [apiv2][status] GET https://cloudfunctions.googleapis.com/v1/operations/dnluZS1kY2JmZC91cy1jZW50cmFsMS9hbm5vdGF0ZUltYWdlL19yZGs2OEJhenlr 200
[debug] [2023-06-28T18:41:40.416Z] <<< [apiv2][body] GET https://cloudfunctions.googleapis.com/v1/operations/dnluZS1kY2JmZC91cy1jZW50cmFsMS9hbm5vdGF0ZUltYWdlL19yZGs2OEJhenlr {"name":"operations/dnluZS1kY2JmZC91cy1jZW50cmFsMS9hbm5vdGF0ZUltYWdlL19yZGs2OEJhenlr","metadata":{"@type":"type.googleapis.com/google.cloud.functions.v1.OperationMetadataV1","target":"projects/vyne-dcbfd/locations/us-central1/functions/annotateImage","type":"CREATE_FUNCTION","request":{"@type":"type.googleapis.com/google.cloud.functions.v1.CloudFunction","name":"projects/vyne-dcbfd/locations/us-central1/functions/annotateImage","httpsTrigger":{"securityLevel":"SECURE_ALWAYS"},"entryPoint":"annotateImage","labels":{"deployment-tool":"cli-firebase","deployment-callable":"true","firebase-functions-hash":"e1f81ca6f97dfe1f4cebd1e02339fda32a51366c"},"sourceUploadUrl":"https://storage.googleapis.com/uploads-934489338138.us-central1.cloudfunctions.appspot.com/e37622d6-46eb-471b-9c23-10869ece8279.zip?GoogleAccessId=service-1001378411209@gcf-admin-robot.iam.gserviceaccount.com&Expires=1687979428&Signature=XUP0PgYKeiDQc5eBXr%2BZYbU8%2Bz8S%2Br%2Bw1z%2BPn7MbnyPZMJizGtpNrK8mK4tkcXB8avzvXSfDk8G4%2FO1iyHy1Kg6lMBpxgFuNcIffIibN1UMSTnLNzZXSWamHu4FMf1%2FPvvkY0XALU0JdRlWeRq5nnlLl6m0ry7%2F3ameZdcJI%2Fxourz%2BwJmtMuJDf%2BvSH7jDZ4cHcg3M9QXsZurGvKinGZElozlc%2Fuxj8Z5LM01KXzOJ0v0EgOoOerop1FYzrOkHSRexLQjY9P6zdG3ojYZG0ptdZzXEXLp61ma%2BQNiQlelMD3QJVVbWRUNnxzgV%2BmcWwWxwFIWQeY3IHxcyvhV6DXw%3D%3D","environmentVariables":{"FIREBASE_CONFIG":"{\"projectId\":\"vyne-dcbfd\",\"databaseURL\":\"https://vyne-dcbfd-default-rtdb.firebaseio.com\",\"storageBucket\":\"vyne-dcbfd.appspot.com\",\"locationId\":\"us-central\"}","GCLOUD_PROJECT":"vyne-dcbfd","EVENTARC_CLOUD_EVENT_SOURCE":"projects/vyne-dcbfd/locations/us-central1/functions/annotateImage"},"runtime":"nodejs18","buildEnvironmentVariables":{"GOOGLE_NODE_RUN_SCRIPTS":""},"dockerRegistry":"ARTIFACT_REGISTRY"},"versionId":"1","updateTime":"2023-06-28T18:40:59Z","buildId":"3ada6362-3b30-4fd5-8ebf-aa4556e6b3de","sourceToken":"72c204c1-8500-4ff2-af9e-ac2091d09a95","buildName":"projects/1001378411209/locations/us-central1/builds/3ada6362-3b30-4fd5-8ebf-aa4556e6b3de"}}
[debug] [2023-06-28T18:41:40.417Z] Got source token 72c204c1-8500-4ff2-af9e-ac2091d09a95 for region us-central1
[debug] [2023-06-28T18:41:50.418Z] [create-default-us-central1-annotateImage] Retrying task index 0
[debug] [2023-06-28T18:41:50.419Z] >>> [apiv2][query] GET https://cloudfunctions.googleapis.com/v1/operations/dnluZS1kY2JmZC91cy1jZW50cmFsMS9hbm5vdGF0ZUltYWdlL19yZGs2OEJhenlr [none]
[debug] [2023-06-28T18:41:50.573Z] <<< [apiv2][status] GET https://cloudfunctions.googleapis.com/v1/operations/dnluZS1kY2JmZC91cy1jZW50cmFsMS9hbm5vdGF0ZUltYWdlL19yZGs2OEJhenlr 200
[debug] [2023-06-28T18:41:50.574Z] <<< [apiv2][body] GET https://cloudfunctions.googleapis.com/v1/operations/dnluZS1kY2JmZC91cy1jZW50cmFsMS9hbm5vdGF0ZUltYWdlL19yZGs2OEJhenlr {"name":"operations/dnluZS1kY2JmZC91cy1jZW50cmFsMS9hbm5vdGF0ZUltYWdlL19yZGs2OEJhenlr","metadata":{"@type":"type.googleapis.com/google.cloud.functions.v1.OperationMetadataV1","target":"projects/vyne-dcbfd/locations/us-central1/functions/annotateImage","type":"CREATE_FUNCTION","request":{"@type":"type.googleapis.com/google.cloud.functions.v1.CloudFunction","name":"projects/vyne-dcbfd/locations/us-central1/functions/annotateImage","httpsTrigger":{"securityLevel":"SECURE_ALWAYS"},"entryPoint":"annotateImage","labels":{"deployment-tool":"cli-firebase","deployment-callable":"true","firebase-functions-hash":"e1f81ca6f97dfe1f4cebd1e02339fda32a51366c"},"sourceUploadUrl":"https://storage.googleapis.com/uploads-934489338138.us-central1.cloudfunctions.appspot.com/e37622d6-46eb-471b-9c23-10869ece8279.zip?GoogleAccessId=service-1001378411209@gcf-admin-robot.iam.gserviceaccount.com&Expires=1687979428&Signature=XUP0PgYKeiDQc5eBXr%2BZYbU8%2Bz8S%2Br%2Bw1z%2BPn7MbnyPZMJizGtpNrK8mK4tkcXB8avzvXSfDk8G4%2FO1iyHy1Kg6lMBpxgFuNcIffIibN1UMSTnLNzZXSWamHu4FMf1%2FPvvkY0XALU0JdRlWeRq5nnlLl6m0ry7%2F3ameZdcJI%2Fxourz%2BwJmtMuJDf%2BvSH7jDZ4cHcg3M9QXsZurGvKinGZElozlc%2Fuxj8Z5LM01KXzOJ0v0EgOoOerop1FYzrOkHSRexLQjY9P6zdG3ojYZG0ptdZzXEXLp61ma%2BQNiQlelMD3QJVVbWRUNnxzgV%2BmcWwWxwFIWQeY3IHxcyvhV6DXw%3D%3D","environmentVariables":{"FIREBASE_CONFIG":"{\"projectId\":\"vyne-dcbfd\",\"databaseURL\":\"https://vyne-dcbfd-default-rtdb.firebaseio.com\",\"storageBucket\":\"vyne-dcbfd.appspot.com\",\"locationId\":\"us-central\"}","GCLOUD_PROJECT":"vyne-dcbfd","EVENTARC_CLOUD_EVENT_SOURCE":"projects/vyne-dcbfd/locations/us-central1/functions/annotateImage"},"runtime":"nodejs18","buildEnvironmentVariables":{"GOOGLE_NODE_RUN_SCRIPTS":""},"dockerRegistry":"ARTIFACT_REGISTRY"},"versionId":"1","updateTime":"2023-06-28T18:40:59Z","buildId":"3ada6362-3b30-4fd5-8ebf-aa4556e6b3de","sourceToken":"72c204c1-8500-4ff2-af9e-ac2091d09a95","buildName":"projects/1001378411209/locations/us-central1/builds/3ada6362-3b30-4fd5-8ebf-aa4556e6b3de"}}
[debug] [2023-06-28T18:41:50.574Z] Got source token 72c204c1-8500-4ff2-af9e-ac2091d09a95 for region us-central1
[debug] [2023-06-28T18:42:00.576Z] [create-default-us-central1-annotateImage] Retrying task index 0
[debug] [2023-06-28T18:42:00.577Z] >>> [apiv2][query] GET https://cloudfunctions.googleapis.com/v1/operations/dnluZS1kY2JmZC91cy1jZW50cmFsMS9hbm5vdGF0ZUltYWdlL19yZGs2OEJhenlr [none]
[debug] [2023-06-28T18:42:00.754Z] <<< [apiv2][status] GET https://cloudfunctions.googleapis.com/v1/operations/dnluZS1kY2JmZC91cy1jZW50cmFsMS9hbm5vdGF0ZUltYWdlL19yZGs2OEJhenlr 200
[debug] [2023-06-28T18:42:00.754Z] <<< [apiv2][body] GET https://cloudfunctions.googleapis.com/v1/operations/dnluZS1kY2JmZC91cy1jZW50cmFsMS9hbm5vdGF0ZUltYWdlL19yZGs2OEJhenlr {"name":"operations/dnluZS1kY2JmZC91cy1jZW50cmFsMS9hbm5vdGF0ZUltYWdlL19yZGs2OEJhenlr","metadata":{"@type":"type.googleapis.com/google.cloud.functions.v1.OperationMetadataV1","target":"projects/vyne-dcbfd/locations/us-central1/functions/annotateImage","type":"CREATE_FUNCTION","request":{"@type":"type.googleapis.com/google.cloud.functions.v1.CloudFunction","name":"projects/vyne-dcbfd/locations/us-central1/functions/annotateImage","httpsTrigger":{"securityLevel":"SECURE_ALWAYS"},"entryPoint":"annotateImage","labels":{"deployment-tool":"cli-firebase","deployment-callable":"true","firebase-functions-hash":"e1f81ca6f97dfe1f4cebd1e02339fda32a51366c"},"sourceUploadUrl":"https://storage.googleapis.com/uploads-934489338138.us-central1.cloudfunctions.appspot.com/e37622d6-46eb-471b-9c23-10869ece8279.zip?GoogleAccessId=service-1001378411209@gcf-admin-robot.iam.gserviceaccount.com&Expires=1687979428&Signature=XUP0PgYKeiDQc5eBXr%2BZYbU8%2Bz8S%2Br%2Bw1z%2BPn7MbnyPZMJizGtpNrK8mK4tkcXB8avzvXSfDk8G4%2FO1iyHy1Kg6lMBpxgFuNcIffIibN1UMSTnLNzZXSWamHu4FMf1%2FPvvkY0XALU0JdRlWeRq5nnlLl6m0ry7%2F3ameZdcJI%2Fxourz%2BwJmtMuJDf%2BvSH7jDZ4cHcg3M9QXsZurGvKinGZElozlc%2Fuxj8Z5LM01KXzOJ0v0EgOoOerop1FYzrOkHSRexLQjY9P6zdG3ojYZG0ptdZzXEXLp61ma%2BQNiQlelMD3QJVVbWRUNnxzgV%2BmcWwWxwFIWQeY3IHxcyvhV6DXw%3D%3D","environmentVariables":{"FIREBASE_CONFIG":"{\"projectId\":\"vyne-dcbfd\",\"databaseURL\":\"https://vyne-dcbfd-default-rtdb.firebaseio.com\",\"storageBucket\":\"vyne-dcbfd.appspot.com\",\"locationId\":\"us-central\"}","GCLOUD_PROJECT":"vyne-dcbfd","EVENTARC_CLOUD_EVENT_SOURCE":"projects/vyne-dcbfd/locations/us-central1/functions/annotateImage"},"runtime":"nodejs18","buildEnvironmentVariables":{"GOOGLE_NODE_RUN_SCRIPTS":""},"dockerRegistry":"ARTIFACT_REGISTRY"},"versionId":"1","updateTime":"2023-06-28T18:42:02Z","buildId":"3ada6362-3b30-4fd5-8ebf-aa4556e6b3de","sourceToken":"72c204c1-8500-4ff2-af9e-ac2091d09a95","buildName":"projects/1001378411209/locations/us-central1/builds/3ada6362-3b30-4fd5-8ebf-aa4556e6b3de"},"done":true,"error":{"code":3,"message":"Function failed on loading user code. This is likely due to a bug in the user code. Error message: Provided module can't be loaded.\nDid you list all required modules in the package.json dependencies?\nDetailed stack trace: Error: Cannot find module '@google-cloud/vision'\nRequire stack:\n- /workspace/index.js\n- /layers/google.nodejs.functions-framework/functions-framework/node_modules/@google-cloud/functions-framework/build/src/loader.js\n- /layers/google.nodejs.functions-framework/functions-framework/node_modules/@google-cloud/functions-framework/build/src/main.js\n    at Module._resolveFilename (node:internal/modules/cjs/loader:1075:15)\n    at Module._load (node:internal/modules/cjs/loader:920:27)\n    at Module.require (node:internal/modules/cjs/loader:1141:19)\n    at require (node:internal/modules/cjs/helpers:110:18)\n    at Object.<anonymous> (/workspace/index.js:3:16)\n    at Module._compile (node:internal/modules/cjs/loader:1254:14)\n    at Module._extensions..js (node:internal/modules/cjs/loader:1308:10)\n    at Module.load (node:internal/modules/cjs/loader:1117:32)\n    at Module._load (node:internal/modules/cjs/loader:958:12)\n    at Module.require (node:internal/modules/cjs/loader:1141:19)\nCould not load the function, shutting down.. Please visit https://cloud.google.com/functions/docs/troubleshooting for in-depth troubleshooting documentation."}}
[debug] [2023-06-28T18:42:00.754Z] Got source token 72c204c1-8500-4ff2-af9e-ac2091d09a95 for region us-central1
[error] Function failed on loading user code. This is likely due to a bug in the user code. Error message: Provided module can't be loaded.
Did you list all required modules in the package.json dependencies?
Detailed stack trace: Error: Cannot find module '@google-cloud/vision'
Require stack:
- /workspace/index.js
- /layers/google.nodejs.functions-framework/functions-framework/node_modules/@google-cloud/functions-framework/build/src/loader.js
- /layers/google.nodejs.functions-framework/functions-framework/node_modules/@google-cloud/functions-framework/build/src/main.js
    at Module._resolveFilename (node:internal/modules/cjs/loader:1075:15)
    at Module._load (node:internal/modules/cjs/loader:920:27)
    at Module.require (node:internal/modules/cjs/loader:1141:19)
    at require (node:internal/modules/cjs/helpers:110:18)
    at Object.<anonymous> (/workspace/index.js:3:16)
    at Module._compile (node:internal/modules/cjs/loader:1254:14)
    at Module._extensions..js (node:internal/modules/cjs/loader:1308:10)
    at Module.load (node:internal/modules/cjs/loader:1117:32)
    at Module._load (node:internal/modules/cjs/loader:958:12)
    at Module.require (node:internal/modules/cjs/loader:1141:19)
Could not load the function, shutting down.. Please visit https://cloud.google.com/functions/docs/troubleshooting for in-depth troubleshooting documentation.
[debug] [2023-06-28T18:42:00.761Z] Total Function Deployment time: 68109
[debug] [2023-06-28T18:42:00.762Z] 1 Functions Deployed
[debug] [2023-06-28T18:42:00.762Z] 1 Functions Errored
[debug] [2023-06-28T18:42:00.762Z] 0 Function Deployments Aborted
[debug] [2023-06-28T18:42:00.762Z] Average Function Deployment time: 68107
[info] 
[info] Functions deploy had errors with the following functions:
	annotateImage(us-central1)
[info] i  functions: cleaning up build files... 
[debug] [2023-06-28T18:42:00.767Z] >>> [apiv2][query] DELETE https://artifactregistry.googleapis.com/v1beta2/projects/vyne-dcbfd/locations/us-central1/repositories/gcf-artifacts/packages/annotate_image [none]
[debug] [2023-06-28T18:42:00.768Z] >>> [apiv2][query] GET https://us.gcr.io/v2/vyne-dcbfd/gcf/us-central1/tags/list [none]
[debug] [2023-06-28T18:42:00.926Z] <<< [apiv2][status] GET https://us.gcr.io/v2/vyne-dcbfd/gcf/us-central1/tags/list 200
[debug] [2023-06-28T18:42:00.927Z] <<< [apiv2][body] GET https://us.gcr.io/v2/vyne-dcbfd/gcf/us-central1/tags/list {"child":[],"manifest":{},"name":"vyne-dcbfd/gcf/us-central1","tags":[]}
[debug] [2023-06-28T18:42:00.927Z] Could not find image for function projects/vyne-dcbfd/locations/us-central1/functions/annotateImage
[debug] [2023-06-28T18:42:01.057Z] <<< [apiv2][status] DELETE https://artifactregistry.googleapis.com/v1beta2/projects/vyne-dcbfd/locations/us-central1/repositories/gcf-artifacts/packages/annotate_image 200
[debug] [2023-06-28T18:42:01.057Z] <<< [apiv2][body] DELETE https://artifactregistry.googleapis.com/v1beta2/projects/vyne-dcbfd/locations/us-central1/repositories/gcf-artifacts/packages/annotate_image {"name":"projects/vyne-dcbfd/locations/us-central1/operations/859f3d22-dc34-4dd0-840f-ec1d84e969e1","metadata":{"@type":"type.googleapis.com/google.devtools.artifactregistry.v1beta2.OperationMetadata"}}
[debug] [2023-06-28T18:42:01.057Z] >>> [apiv2][query] GET https://artifactregistry.googleapis.com/v1beta2/projects/vyne-dcbfd/locations/us-central1/operations/859f3d22-dc34-4dd0-840f-ec1d84e969e1 [none]
[debug] [2023-06-28T18:42:01.385Z] <<< [apiv2][status] GET https://artifactregistry.googleapis.com/v1beta2/projects/vyne-dcbfd/locations/us-central1/operations/859f3d22-dc34-4dd0-840f-ec1d84e969e1 200
[debug] [2023-06-28T18:42:01.385Z] <<< [apiv2][body] GET https://artifactregistry.googleapis.com/v1beta2/projects/vyne-dcbfd/locations/us-central1/operations/859f3d22-dc34-4dd0-840f-ec1d84e969e1 {"name":"projects/vyne-dcbfd/locations/us-central1/operations/859f3d22-dc34-4dd0-840f-ec1d84e969e1","metadata":{"@type":"type.googleapis.com/google.devtools.artifactregistry.v1beta2.OperationMetadata"},"done":true,"response":{"@type":"type.googleapis.com/google.protobuf.Empty"}}
[debug] [2023-06-28T18:42:01.386Z] Functions deploy failed.
[debug] [2023-06-28T18:42:01.386Z] {
  "endpoint": {
    "id": "annotateImage",
    "project": "vyne-dcbfd",
    "region": "us-central1",
    "entryPoint": "annotateImage",
    "platform": "gcfv1",
    "runtime": "nodejs18",
    "callableTrigger": {},
    "labels": {
      "deployment-tool": "cli-firebase"
    },
    "serviceAccount": null,
    "ingressSettings": null,
    "availableMemoryMb": null,
    "timeoutSeconds": null,
    "maxInstances": null,
    "minInstances": null,
    "vpc": null,
    "environmentVariables": {
      "FIREBASE_CONFIG": "{\"projectId\":\"vyne-dcbfd\",\"databaseURL\":\"https://vyne-dcbfd-default-rtdb.firebaseio.com\",\"storageBucket\":\"vyne-dcbfd.appspot.com\",\"locationId\":\"us-central\"}",
      "GCLOUD_PROJECT": "vyne-dcbfd",
      "EVENTARC_CLOUD_EVENT_SOURCE": "projects/vyne-dcbfd/locations/us-central1/functions/annotateImage"
    },
    "codebase": "default",
    "targetedByOnly": false,
    "hash": "e1f81ca6f97dfe1f4cebd1e02339fda32a51366c"
  },
  "op": "create",
  "original": {
    "name": "FirebaseError",
    "children": [],
    "exit": 1,
    "message": "Function failed on loading user code. This is likely due to a bug in the user code. Error message: Provided module can't be loaded.\nDid you list all required modules in the package.json dependencies?\nDetailed stack trace: Error: Cannot find module '@google-cloud/vision'\nRequire stack:\n- /workspace/index.js\n- /layers/google.nodejs.functions-framework/functions-framework/node_modules/@google-cloud/functions-framework/build/src/loader.js\n- /layers/google.nodejs.functions-framework/functions-framework/node_modules/@google-cloud/functions-framework/build/src/main.js\n    at Module._resolveFilename (node:internal/modules/cjs/loader:1075:15)\n    at Module._load (node:internal/modules/cjs/loader:920:27)\n    at Module.require (node:internal/modules/cjs/loader:1141:19)\n    at require (node:internal/modules/cjs/helpers:110:18)\n    at Object.<anonymous> (/workspace/index.js:3:16)\n    at Module._compile (node:internal/modules/cjs/loader:1254:14)\n    at Module._extensions..js (node:internal/modules/cjs/loader:1308:10)\n    at Module.load (node:internal/modules/cjs/loader:1117:32)\n    at Module._load (node:internal/modules/cjs/loader:958:12)\n    at Module.require (node:internal/modules/cjs/loader:1141:19)\nCould not load the function, shutting down.. Please visit https://cloud.google.com/functions/docs/troubleshooting for in-depth troubleshooting documentation.",
    "status": 3,
    "code": 3
  }
}
[debug] [2023-06-28T18:42:01.388Z] Error: Failed to create function annotateImage in region us-central1
    at /usr/local/lib/node_modules/firebase-tools/lib/deploy/functions/release/fabricator.js:51:11
    at processTicksAndRejections (node:internal/process/task_queues:96:5)
    at async Fabricator.createV1Function (/usr/local/lib/node_modules/firebase-tools/lib/deploy/functions/release/fabricator.js:180:32)
    at async Fabricator.createEndpoint (/usr/local/lib/node_modules/firebase-tools/lib/deploy/functions/release/fabricator.js:132:13)
    at async handle (/usr/local/lib/node_modules/firebase-tools/lib/deploy/functions/release/fabricator.js:88:17)
[error] 
[error] Error: There was an error deploying functions
